[0227/161838:INFO:user_input_monitor_win.cc(168)] RegisterRawInputDevices() failed for RIDEV_REMOVE: The parameter is incorrect. (0x57)
[0227/161842:ERROR:audio_output_device.cc(369)] IO loop going away before the audio device has been stopped
[0227/161842:ERROR:audio_input_device.cc(269)] IO loop going away before the input device has been stopped
[0227/163741.322:ERROR:audio_output_device.cc(425)] IO loop going away before the audio device has been stopped
[0227/163756.015:INFO:user_input_monitor_win.cc(171)] RegisterRawInputDevices() failed for RIDEV_REMOVE: The parameter is incorrect. (0x57)
[0227/163812.534:INFO:user_input_monitor_win.cc(171)] RegisterRawInputDevices() failed for RIDEV_REMOVE: The parameter is incorrect. (0x57)
[0227/163816.970:ERROR:audio_output_device.cc(425)] IO loop going away before the audio device has been stopped
[0227/165104.252:ERROR:audio_output_device.cc(425)] IO loop going away before the audio device has been stopped
[0227/165741.013:ERROR:audio_output_device.cc(425)] IO loop going away before the audio device has been stopped
[0227/170132.406:ERROR:audio_output_device.cc(425)] IO loop going away before the audio device has been stopped
[0227/170431.307:ERROR:audio_output_device.cc(425)] IO loop going away before the audio device has been stopped
[0227/170436.887:ERROR:audio_output_device.cc(425)] IO loop going away before the audio device has been stopped
[0227/170438.201:INFO:user_input_monitor_win.cc(171)] RegisterRawInputDevices() failed for RIDEV_REMOVE: The parameter is incorrect. (0x57)
[0227/170449.972:INFO:user_input_monitor_win.cc(171)] RegisterRawInputDevices() failed for RIDEV_REMOVE: The parameter is incorrect. (0x57)
[0227/170452.622:ERROR:audio_output_device.cc(425)] IO loop going away before the audio device has been stopped
[0227/170453.974:INFO:user_input_monitor_win.cc(171)] RegisterRawInputDevices() failed for RIDEV_REMOVE: The parameter is incorrect. (0x57)
[0227/170505.326:ERROR:audio_output_device.cc(425)] IO loop going away before the audio device has been stopped
[0227/170506.672:INFO:user_input_monitor_win.cc(171)] RegisterRawInputDevices() failed for RIDEV_REMOVE: The parameter is incorrect. (0x57)
[1121/120714.973:WARNING:quota_manager.cc(1833)] Create directory failed for path
[1121/120714.974:WARNING:quota_manager.cc(1833)] Create directory failed for path
[1121/124053.211:WARNING:quota_manager.cc(1833)] Create directory failed for path
[1121/124053.212:WARNING:quota_manager.cc(1833)] Create directory failed for path
[1121/125652.465:WARNING:quota_manager.cc(1833)] Create directory failed for path
[1121/125652.466:WARNING:quota_manager.cc(1833)] Create directory failed for path
[1121/144049.732:WARNING:quota_manager.cc(1833)] Create directory failed for path
[1121/144049.807:WARNING:quota_manager.cc(1833)] Create directory failed for path
[1121/145115.283:WARNING:quota_manager.cc(1833)] Create directory failed for path
[1121/145115.284:WARNING:quota_manager.cc(1833)] Create directory failed for path
[1121/151739.284:WARNING:quota_manager.cc(1833)] Create directory failed for path
[1121/151739.285:WARNING:quota_manager.cc(1833)] Create directory failed for path
[1121/151855.815:WARNING:quota_manager.cc(1833)] Create directory failed for path
[1121/151855.816:WARNING:quota_manager.cc(1833)] Create directory failed for path
[1121/152013.469:ERROR:render_media_log.cc(25)] MediaEvent: PIPELINE_ERROR demuxer: could not open
[1121/152013.476:ERROR:render_media_log.cc(25)] MediaEvent: PIPELINE_ERROR demuxer: could not open
[1121/152155.937:ERROR:render_media_log.cc(25)] MediaEvent: PIPELINE_ERROR demuxer: could not open
[1121/152730.798:WARNING:quota_manager.cc(1833)] Create directory failed for path
[1121/152730.799:WARNING:quota_manager.cc(1833)] Create directory failed for path
[1121/153616.357:WARNING:quota_manager.cc(1833)] Create directory failed for path
[1121/153616.358:WARNING:quota_manager.cc(1833)] Create directory failed for path
[1121/170216.351:WARNING:quota_manager.cc(1833)] Create directory failed for path
[1121/170216.352:WARNING:quota_manager.cc(1833)] Create directory failed for path
[1121/173208.262:WARNING:quota_manager.cc(1833)] Create directory failed for path
[1121/173208.263:WARNING:quota_manager.cc(1833)] Create directory failed for path
[1121/173325.015:WARNING:quota_manager.cc(1833)] Create directory failed for path
[1121/173325.016:WARNING:quota_manager.cc(1833)] Create directory failed for path
[1121/174124.432:WARNING:quota_manager.cc(1833)] Create directory failed for path
[1121/174124.433:WARNING:quota_manager.cc(1833)] Create directory failed for path
[1122/085420.580:WARNING:spdy_session.cc(2224)] Received HEADERS for invalid stream 53
[1122/090235.694:WARNING:spdy_session.cc(2224)] Received HEADERS for invalid stream 53
[1122/090602.708:WARNING:quota_manager.cc(1833)] Create directory failed for path
[1122/090602.711:WARNING:quota_manager.cc(1833)] Create directory failed for path
